<?xml version="1.0" encoding="UTF-8"?>
<testng-results skipped="0" failed="0" ignored="0" total="1" passed="1">
  <reporter-output>
    <line>
      <![CDATA[Login Page is Displayed, PASS]]>
    </line>
    <line>
      <![CDATA[Zoho CRM - Sign in is Displayed, PASS]]>
    </line>
  </reporter-output>
  <suite name="Default suite" duration-ms="15810" started-at="2021-11-12T15:07:26 IST" finished-at="2021-11-12T15:07:41 IST">
    <groups>
    </groups>
    <test name="Default test" duration-ms="15810" started-at="2021-11-12T15:07:26 IST" finished-at="2021-11-12T15:07:41 IST">
      <class name="com.radicocrm.forecastmodule.CreateNewForeCasts">
        <test-method status="PASS" signature="openBrowser()[pri:0, instance:com.radicocrm.forecastmodule.CreateNewForeCasts@6ee52dcd]" name="openBrowser" is-config="true" duration-ms="6183" started-at="2021-11-12T15:07:26 IST" finished-at="2021-11-12T15:07:32 IST">
          <reporter-output>
            <line>
              <![CDATA[Login Page is Displayed, PASS]]>
            </line>
          </reporter-output>
        </test-method> <!-- openBrowser -->
        <test-method status="PASS" signature="SigninPage()[pri:0, instance:com.radicocrm.forecastmodule.CreateNewForeCasts@6ee52dcd]" name="SigninPage" duration-ms="9565" started-at="2021-11-12T15:07:32 IST" finished-at="2021-11-12T15:07:41 IST">
          <reporter-output>
            <line>
              <![CDATA[Zoho CRM - Sign in is Displayed, PASS]]>
            </line>
          </reporter-output>
        </test-method> <!-- SigninPage -->
      </class> <!-- com.radicocrm.forecastmodule.CreateNewForeCasts -->
    </test> <!-- Default test -->
  </suite> <!-- Default suite -->
</testng-results>
